<?xml version="1.0" encoding="UTF-8"?>
<!-- Generated by org.testng.reporters.JUnitXMLReporter -->
<testsuite ignored="3" hostname="DESKTOP-D08V9LL" failures="0" tests="1" name="edgetest" time="10.584" errors="0" timestamp="2024-12-13T10:53:25 IST">
  <testcase classname="testscript.LoginPageTest" name="verifyUserIsAbleToLoginWithValidCredentials" time="1.584"/>
  <testcase classname="testscript.LoginPageTest" name="verifyUserIsAbleToLoginWithInvalidUsername" time="0.0">
    <ignored/>
  </testcase> <!-- verifyUserIsAbleToLoginWithInvalidUsername -->
  <testcase classname="testscript.LoginPageTest" name="verifyUserIsAbleToLoginWithInValidCredentials" time="0.0">
    <ignored/>
  </testcase> <!-- verifyUserIsAbleToLoginWithInValidCredentials -->
  <testcase classname="testscript.LoginPageTest" name="verifyUserIsAbleToLoginWithInValidPassword" time="0.0">
    <ignored/>
  </testcase> <!-- verifyUserIsAbleToLoginWithInValidPassword -->
</testsuite> <!-- edgetest -->
