<?xml version="1.0" encoding="UTF-8"?>
<!-- Generated by org.testng.reporters.JUnitXMLReporter -->
<testsuite ignored="3" hostname="Anu" failures="0" tests="1" name="supermarket" time="3.774" errors="0" timestamp="2024-12-13T22:37:19 IST">
  <testcase classname="testscript.LoginPageTest" name="verifyUserIsAbleToLoginWithValidCredentials" time="1.482"/>
  <testcase classname="testscript.LoginPageTest" name="verifyUserIsAbleToLoginWithInvalidUsername" time="0.0">
    <ignored/>
  </testcase> <!-- verifyUserIsAbleToLoginWithInvalidUsername -->
  <testcase classname="testscript.LoginPageTest" name="verifyUserIsAbleToLoginWithInValidCredentials" time="0.0">
    <ignored/>
  </testcase> <!-- verifyUserIsAbleToLoginWithInValidCredentials -->
  <testcase classname="testscript.LoginPageTest" name="verifyUserIsAbleToLoginWithInValidPassword" time="0.0">
    <ignored/>
  </testcase> <!-- verifyUserIsAbleToLoginWithInValidPassword -->
</testsuite> <!-- supermarket -->
