<?xml version="1.0" encoding="UTF-8"?>
<!-- Generated by org.testng.reporters.JUnitXMLReporter -->
<testsuite ignored="3" hostname="Anu" failures="0" tests="1" name="testng" time="0.232" errors="0" timestamp="2024-12-16T14:24:56 IST">
  <testcase classname="testscript.Base" name="@BeforeMethod beforeMethod" time="-1.734339296542E9">
    <failure type="org.testng.TestNGException" message="
Parameter &amp;apos;browzer&amp;apos; is required by BeforeMethod on method beforeMethod but has not been marked @Optional or defined
in C:\Users\anuth\git\supermarketMainProject\7martsupermarket\testng.xml">
      <![CDATA[org.testng.TestNGException: 
Parameter 'browzer' is required by BeforeMethod on method beforeMethod but has not been marked @Optional or defined
in C:\Users\anuth\git\supermarketMainProject\7martsupermarket\testng.xml
at java.base/java.util.ArrayList.forEach(ArrayList.java:1511)
... Removed 28 stack frames]]>
    </failure>
  </testcase> <!-- @BeforeMethod beforeMethod -->
  <testcase classname="testscript.Base" name="@AfterMethod afterMethod" time="0.0">
    <skipped/>
  </testcase> <!-- @AfterMethod afterMethod -->
  <testcase classname="testscript.LoginPageTest" name="verifyUserIsAbleToLoginWithValidCredentials" time="0.0">
    <skipped/>
  </testcase> <!-- verifyUserIsAbleToLoginWithValidCredentials -->
  <testcase classname="testscript.LoginPageTest" name="verifyUserIsAbleToLoginWithInvalidUsername" time="0.0">
    <ignored/>
  </testcase> <!-- verifyUserIsAbleToLoginWithInvalidUsername -->
  <testcase classname="testscript.LoginPageTest" name="verifyUserIsAbleToLoginWithInValidCredentials" time="0.0">
    <ignored/>
  </testcase> <!-- verifyUserIsAbleToLoginWithInValidCredentials -->
  <testcase classname="testscript.LoginPageTest" name="verifyUserIsAbleToLoginWithInValidPassword" time="0.0">
    <ignored/>
  </testcase> <!-- verifyUserIsAbleToLoginWithInValidPassword -->
</testsuite> <!-- testng -->
