<?xml version="1.0" encoding="UTF-8"?>
<!-- Generated by org.testng.reporters.JUnitXMLReporter -->
<testsuite ignored="0" hostname="Anu" failures="1" tests="3" name="chrometest" time="6.608" errors="0" timestamp="2024-12-17T11:33:43 IST">
  <testcase classname="testscript.ManageProductTest" name="verifyifAdminIsAbletoDeleteAProductFromList" time="0.188">
    <failure type="org.apache.poi.openxml4j.exceptions.NotOfficeXmlFileException" message="No valid entries or contents found, this is not a valid OOXML (Office Open XML) file">
      <![CDATA[org.apache.poi.openxml4j.exceptions.NotOfficeXmlFileException: No valid entries or contents found, this is not a valid OOXML (Office Open XML) file
at org.apache.poi.openxml4j.util.ZipArchiveThresholdInputStream.getNextEntry(ZipArchiveThresholdInputStream.java:156)
at org.apache.poi.openxml4j.util.ZipInputStreamZipEntrySource.<init>(ZipInputStreamZipEntrySource.java:94)
at org.apache.poi.openxml4j.opc.ZipPackage.<init>(ZipPackage.java:132)
at org.apache.poi.openxml4j.opc.OPCPackage.open(OPCPackage.java:319)
at org.apache.poi.ooxml.util.PackageHelper.open(PackageHelper.java:59)
at org.apache.poi.xssf.usermodel.XSSFWorkbook.<init>(XSSFWorkbook.java:290)
at org.apache.poi.xssf.usermodel.XSSFWorkbook.<init>(XSSFWorkbook.java:286)
at Utility.ExcelUtility.readStringData(ExcelUtility.java:29)
at testscript.ManageProductTest.verifyifAdminIsAbletoDeleteAProductFromList(ManageProductTest.java:25)
at java.base/java.util.concurrent.ThreadPoolExecutor.runWorker(ThreadPoolExecutor.java:1136)
at java.base/java.util.concurrent.ThreadPoolExecutor$Worker.run(ThreadPoolExecutor.java:635)
at java.base/java.lang.Thread.run(Thread.java:842)
Caused by: java.util.zip.ZipException: Unexpected record signature: 0XDC6CE5A5
at org.apache.commons.compress.archivers.zip.ZipArchiveInputStream.getNextZipEntry(ZipArchiveInputStream.java:296)
at org.apache.poi.openxml4j.util.ZipArchiveThresholdInputStream.getNextEntry(ZipArchiveThresholdInputStream.java:152)
... 23 more
... Removed 12 stack frames]]>
    </failure>
  </testcase> <!-- verifyifAdminIsAbletoDeleteAProductFromList -->
  <testcase classname="testscript.ManageNewsTest" name="verifyifAdminIsAbletoaddnewuser" time="0.302">
    <skipped/>
  </testcase> <!-- verifyifAdminIsAbletoaddnewuser -->
  <testcase classname="testscript.ManageNewsTest" name="verifyifAdminIsAbletoaddnewuser" time="2.616"/>
</testsuite> <!-- chrometest -->
