<?xml version="1.0" encoding="UTF-8"?>
<testng-results ignored="3" total="4" passed="1" failed="0" skipped="0">
  <reporter-output>
  </reporter-output>
  <suite started-at="2024-12-13T22:37:15 IST" name="Suite" finished-at="2024-12-13T22:37:19 IST" duration-ms="3774">
    <groups>
    </groups>
    <test started-at="2024-12-13T22:37:15 IST" name="supermarket" finished-at="2024-12-13T22:37:19 IST" duration-ms="3774">
      <class name="testscript.LoginPageTest">
        <test-method is-config="true" signature="beforeMethod(java.lang.String)[pri:0, instance:testscript.LoginPageTest@7dfd3c81]" started-at="2024-12-13T22:37:15 IST" name="beforeMethod" finished-at="2024-12-13T22:37:17 IST" duration-ms="2106" status="PASS">
          <params>
            <param index="0">
              <value>
                <![CDATA[chrome]]>
              </value>
            </param>
          </params>
          <reporter-output>
          </reporter-output>
        </test-method> <!-- beforeMethod -->
        <test-method signature="verifyUserIsAbleToLoginWithValidCredentials()[pri:0, instance:testscript.LoginPageTest@7dfd3c81]" started-at="2024-12-13T22:37:17 IST" name="verifyUserIsAbleToLoginWithValidCredentials" finished-at="2024-12-13T22:37:19 IST" duration-ms="1482" status="PASS">
          <reporter-output>
          </reporter-output>
        </test-method> <!-- verifyUserIsAbleToLoginWithValidCredentials -->
        <test-method is-config="true" signature="afterMethod(org.testng.ITestResult)[pri:0, instance:testscript.LoginPageTest@7dfd3c81]" started-at="2024-12-13T22:37:19 IST" name="afterMethod" finished-at="2024-12-13T22:37:19 IST" duration-ms="153" status="PASS">
          <params>
            <param index="0">
              <value>
                <![CDATA[[TestResult name=verifyUserIsAbleToLoginWithValidCredentials status=SUCCESS method=LoginPageTest.verifyUserIsAbleToLoginWithValidCredentials()[pri:0, instance:testscript.LoginPageTest@7dfd3c81] output={null}]]]>
              </value>
            </param>
          </params>
          <reporter-output>
          </reporter-output>
        </test-method> <!-- afterMethod -->
      </class> <!-- testscript.LoginPageTest -->
    </test> <!-- supermarket -->
  </suite> <!-- Suite -->
</testng-results>
